This file contains any messages produced by compilers while
running configure, to aid debugging if configure makes a mistake.

It was created by gvars3 configure 0.6, which was
generated by GNU Autoconf 2.61.  Invocation command line was

  $ ./configure 

## --------- ##
## Platform. ##
## --------- ##

hostname = sun-nuc
uname -m = x86_64
uname -r = 4.4.0-31-generic
uname -s = Linux
uname -v = #50~14.04.1-Ubuntu SMP Wed Jul 13 01:07:32 UTC 2016

/usr/bin/uname -p = unknown
/bin/uname -X     = unknown

/bin/arch              = unknown
/usr/bin/arch -k       = unknown
/usr/convex/getsysinfo = unknown
/usr/bin/hostinfo      = unknown
/bin/machine           = unknown
/usr/bin/oslevel       = unknown
/bin/universe          = unknown

PATH: /opt/ros/indigo/bin
PATH: /usr/local/sbin
PATH: /usr/local/bin
PATH: /usr/sbin
PATH: /usr/bin
PATH: /sbin
PATH: /bin
PATH: /usr/games
PATH: /usr/local/games


## ----------- ##
## Core tests. ##
## ----------- ##

configure:1731: checking for gawk
configure:1761: result: no
configure:1731: checking for mawk
configure:1747: found /usr/bin/mawk
configure:1758: result: mawk
configure:1834: checking for g++
configure:1850: found /usr/bin/g++
configure:1861: result: g++
configure:1892: checking for C++ compiler version
configure:1899: g++ --version >&5
g++ (Ubuntu 5.4.1-2ubuntu1~14.04) 5.4.1 20160904
Copyright (C) 2015 Free Software Foundation, Inc.
This is free software; see the source for copying conditions.  There is NO
warranty; not even for MERCHANTABILITY or FITNESS FOR A PARTICULAR PURPOSE.

configure:1902: $? = 0
configure:1909: g++ -v >&5
Using built-in specs.
COLLECT_GCC=g++
COLLECT_LTO_WRAPPER=/usr/lib/gcc/x86_64-linux-gnu/5/lto-wrapper
Target: x86_64-linux-gnu
Configured with: ../src/configure -v --with-pkgversion='Ubuntu 5.4.1-2ubuntu1~14.04' --with-bugurl=file:///usr/share/doc/gcc-5/README.Bugs --enable-languages=c,ada,c++,java,go,d,fortran,objc,obj-c++ --prefix=/usr --program-suffix=-5 --enable-shared --enable-linker-build-id --libexecdir=/usr/lib --without-included-gettext --enable-threads=posix --libdir=/usr/lib --enable-nls --with-sysroot=/ --enable-clocale=gnu --enable-libstdcxx-debug --enable-libstdcxx-time=yes --with-default-libstdcxx-abi=gcc4-compatible --disable-libstdcxx-dual-abi --enable-gnu-unique-object --disable-vtable-verify --enable-libmpx --enable-plugin --with-system-zlib --disable-browser-plugin --enable-java-awt=gtk --enable-gtk-cairo --with-java-home=/usr/lib/jvm/java-1.5.0-gcj-5-amd64/jre --enable-java-home --with-jvm-root-dir=/usr/lib/jvm/java-1.5.0-gcj-5-amd64 --with-jvm-jar-dir=/usr/lib/jvm-exports/java-1.5.0-gcj-5-amd64 --with-arch-directory=amd64 --with-ecj-jar=/usr/share/java/eclipse-ecj.jar --enable-objc-gc --enable-multiarch --disable-werror --with-arch-32=i686 --with-abi=m64 --with-multilib-list=m32,m64,mx32 --enable-multilib --with-tune=generic --enable-checking=release --build=x86_64-linux-gnu --host=x86_64-linux-gnu --target=x86_64-linux-gnu
Thread model: posix
gcc version 5.4.1 20160904 (Ubuntu 5.4.1-2ubuntu1~14.04) 
configure:1912: $? = 0
configure:1919: g++ -V >&5
g++: error: unrecognized command line option '-V'
g++: fatal error: no input files
compilation terminated.
configure:1922: $? = 1
configure:1945: checking for C++ compiler default output file name
configure:1972: g++    conftest.cpp  >&5
configure:1975: $? = 0
configure:2013: result: a.out
configure:2030: checking whether the C++ compiler works
configure:2040: ./a.out
configure:2043: $? = 0
configure:2060: result: yes
configure:2067: checking whether we are cross compiling
configure:2069: result: no
configure:2072: checking for suffix of executables
configure:2079: g++ -o conftest    conftest.cpp  >&5
configure:2082: $? = 0
configure:2106: result: 
configure:2112: checking for suffix of object files
configure:2138: g++ -c   conftest.cpp >&5
configure:2141: $? = 0
configure:2164: result: o
configure:2168: checking whether we are using the GNU C++ compiler
configure:2197: g++ -c   conftest.cpp >&5
configure:2203: $? = 0
configure:2220: result: yes
configure:2225: checking whether g++ accepts -g
configure:2255: g++ -c -g  conftest.cpp >&5
configure:2261: $? = 0
configure:2360: result: yes
configure:2389: checking how to run the C++ preprocessor
configure:2425: g++ -E  conftest.cpp
configure:2431: $? = 0
configure:2462: g++ -E  conftest.cpp
conftest.cpp:8:28: fatal error: ac_nonexistent.h: No such file or directory
compilation terminated.
configure:2468: $? = 1
configure: failed program was:
| /* confdefs.h.  */
| #define PACKAGE_NAME "gvars3"
| #define PACKAGE_TARNAME "gvars3"
| #define PACKAGE_VERSION "0.6"
| #define PACKAGE_STRING "gvars3 0.6"
| #define PACKAGE_BUGREPORT ""
| /* end confdefs.h.  */
| #include <ac_nonexistent.h>
configure:2501: result: g++ -E
configure:2530: g++ -E  conftest.cpp
configure:2536: $? = 0
configure:2567: g++ -E  conftest.cpp
conftest.cpp:8:28: fatal error: ac_nonexistent.h: No such file or directory
compilation terminated.
configure:2573: $? = 1
configure: failed program was:
| /* confdefs.h.  */
| #define PACKAGE_NAME "gvars3"
| #define PACKAGE_TARNAME "gvars3"
| #define PACKAGE_VERSION "0.6"
| #define PACKAGE_STRING "gvars3 0.6"
| #define PACKAGE_BUGREPORT ""
| /* end confdefs.h.  */
| #include <ac_nonexistent.h>
configure:2611: checking for grep that handles long lines and -e
configure:2685: result: /bin/grep
configure:2690: checking for egrep
configure:2768: result: /bin/grep -E
configure:2773: checking for ANSI C header files
configure:2803: g++ -c -g -O2  conftest.cpp >&5
configure:2809: $? = 0
configure:2908: g++ -o conftest -g -O2   conftest.cpp  >&5
configure:2911: $? = 0
configure:2917: ./conftest
configure:2920: $? = 0
configure:2937: result: yes
configure:2961: checking for sys/types.h
configure:2982: g++ -c -g -O2  conftest.cpp >&5
configure:2988: $? = 0
configure:3004: result: yes
configure:2961: checking for sys/stat.h
configure:2982: g++ -c -g -O2  conftest.cpp >&5
configure:2988: $? = 0
configure:3004: result: yes
configure:2961: checking for stdlib.h
configure:2982: g++ -c -g -O2  conftest.cpp >&5
configure:2988: $? = 0
configure:3004: result: yes
configure:2961: checking for string.h
configure:2982: g++ -c -g -O2  conftest.cpp >&5
configure:2988: $? = 0
configure:3004: result: yes
configure:2961: checking for memory.h
configure:2982: g++ -c -g -O2  conftest.cpp >&5
configure:2988: $? = 0
configure:3004: result: yes
configure:2961: checking for strings.h
configure:2982: g++ -c -g -O2  conftest.cpp >&5
configure:2988: $? = 0
configure:3004: result: yes
configure:2961: checking for inttypes.h
configure:2982: g++ -c -g -O2  conftest.cpp >&5
configure:2988: $? = 0
configure:3004: result: yes
configure:2961: checking for stdint.h
configure:2982: g++ -c -g -O2  conftest.cpp >&5
configure:2988: $? = 0
configure:3004: result: yes
configure:2961: checking for unistd.h
configure:2982: g++ -c -g -O2  conftest.cpp >&5
configure:2988: $? = 0
configure:3004: result: yes
configure:3031: checking iostream usability
configure:3048: g++ -c -g -O2  conftest.cpp >&5
configure:3054: $? = 0
configure:3068: result: yes
configure:3072: checking iostream presence
configure:3087: g++ -E  conftest.cpp
configure:3093: $? = 0
configure:3107: result: yes
configure:3135: checking for iostream
configure:3143: result: yes
configure:3198: checking build system type
configure:3216: result: x86_64-unknown-linux-gnu
configure:3238: checking host system type
configure:3253: result: x86_64-unknown-linux-gnu
configure:3301: checking if compiler flag -Wall works
configure:3321: g++ -c -g -O2 -Wall  conftest.cpp >&5
configure:3327: $? = 0
configure:3348: result: yes
configure:3361: checking if compiler flag -Wextra works
configure:3381: g++ -c -g -O2 -Wall -Wextra  conftest.cpp >&5
configure:3387: $? = 0
configure:3408: result: yes
configure:3454: checking for TooN
configure:3480: g++ -c -g -O2 -Wall -Wextra  conftest.cpp >&5
In file included from /usr/local/include/TooN/vbase.hh:156:0,
                 from /usr/local/include/TooN/TooN.h:196,
                 from conftest.cpp:1:
/usr/local/include/TooN/vaccessor.hh:196:20: error: declaration of 'operator+=' as non-function
     It& operator+=(ptrdiff_t i) {d += i*skip;return *this;}
                    ^
/usr/local/include/TooN/vaccessor.hh:196:17: error: expected ';' at end of member declaration
     It& operator+=(ptrdiff_t i) {d += i*skip;return *this;}
                 ^
/usr/local/include/TooN/vaccessor.hh:196:30: error: expected ')' before 'i'
     It& operator+=(ptrdiff_t i) {d += i*skip;return *this;}
                              ^
/usr/local/include/TooN/vaccessor.hh:197:20: error: declaration of 'operator-=' as non-function
     It& operator-=(ptrdiff_t i) {d -= i*skip;return *this;}
                    ^
/usr/local/include/TooN/vaccessor.hh:197:17: error: expected ';' at end of member declaration
     It& operator-=(ptrdiff_t i) {d -= i*skip;return *this;}
                 ^
/usr/local/include/TooN/vaccessor.hh:197:30: error: expected ')' before 'i'
     It& operator-=(ptrdiff_t i) {d -= i*skip;return *this;}
                              ^
/usr/local/include/TooN/vaccessor.hh:202:18: error: 'ptrdiff_t' has not been declared
     It operator+(ptrdiff_t i) {return It(d + i*skip,skip);}
                  ^
/usr/local/include/TooN/vaccessor.hh:203:18: error: 'ptrdiff_t' has not been declared
     It operator-(ptrdiff_t i) {return It(d - i*skip,skip);}
                  ^
/usr/local/include/TooN/vaccessor.hh:204:5: error: 'ptrdiff_t' does not name a type
     ptrdiff_t operator-(const It& i) {return (d - i.d)/skip;};
     ^
In file included from /usr/local/include/TooN/vbase.hh:156:0,
                 from /usr/local/include/TooN/TooN.h:196,
                 from conftest.cpp:1:
/usr/local/include/TooN/vaccessor.hh:417:20: error: declaration of 'operator+=' as non-function
     It& operator+=(ptrdiff_t i) {d += i*Skip;return *this;}
                    ^
/usr/local/include/TooN/vaccessor.hh:417:17: error: expected ';' at end of member declaration
     It& operator+=(ptrdiff_t i) {d += i*Skip;return *this;}
                 ^
/usr/local/include/TooN/vaccessor.hh:417:30: error: expected ')' before 'i'
     It& operator+=(ptrdiff_t i) {d += i*Skip;return *this;}
                              ^
/usr/local/include/TooN/vaccessor.hh:418:20: error: declaration of 'operator-=' as non-function
     It& operator-=(ptrdiff_t i) {d -= i*Skip;return *this;}
                    ^
/usr/local/include/TooN/vaccessor.hh:418:17: error: expected ';' at end of member declaration
     It& operator-=(ptrdiff_t i) {d -= i*Skip;return *this;}
                 ^
/usr/local/include/TooN/vaccessor.hh:418:30: error: expected ')' before 'i'
     It& operator-=(ptrdiff_t i) {d -= i*Skip;return *this;}
                              ^
/usr/local/include/TooN/vaccessor.hh:423:18: error: 'ptrdiff_t' has not been declared
     It operator+(ptrdiff_t i) {return It(d + i*Skip);}
                  ^
/usr/local/include/TooN/vaccessor.hh:424:18: error: 'ptrdiff_t' has not been declared
     It operator-(ptrdiff_t i) {return It(d - i*Skip);}
                  ^
/usr/local/include/TooN/vaccessor.hh:425:5: error: 'ptrdiff_t' does not name a type
     ptrdiff_t operator-(const It& i) {return (d - i.d)/Skip;};
     ^
configure:3486: $? = 1
configure: failed program was:
| #include <TooN/TooN.h>
| int main(){TooN::Vector<2> v;return 0;}
configure:3511: g++ -c -g -O2 -Wall -Wextra  conftest.cpp >&5
conftest.cpp:1:22: fatal error: numerics.h: No such file or directory
compilation terminated.
configure:3517: $? = 1
configure: failed program was:
| #include <numerics.h>
| int main(){Vector<2> v;return 0;}
configure:3480: g++ -c -g -O2 -Wall -Wextra  -I/home/sun/usr/include conftest.cpp >&5
In file included from /usr/local/include/TooN/vbase.hh:156:0,
                 from /usr/local/include/TooN/TooN.h:196,
                 from conftest.cpp:1:
/usr/local/include/TooN/vaccessor.hh:196:20: error: declaration of 'operator+=' as non-function
     It& operator+=(ptrdiff_t i) {d += i*skip;return *this;}
                    ^
/usr/local/include/TooN/vaccessor.hh:196:17: error: expected ';' at end of member declaration
     It& operator+=(ptrdiff_t i) {d += i*skip;return *this;}
                 ^
/usr/local/include/TooN/vaccessor.hh:196:30: error: expected ')' before 'i'
     It& operator+=(ptrdiff_t i) {d += i*skip;return *this;}
                              ^
/usr/local/include/TooN/vaccessor.hh:197:20: error: declaration of 'operator-=' as non-function
     It& operator-=(ptrdiff_t i) {d -= i*skip;return *this;}
                    ^
/usr/local/include/TooN/vaccessor.hh:197:17: error: expected ';' at end of member declaration
     It& operator-=(ptrdiff_t i) {d -= i*skip;return *this;}
                 ^
/usr/local/include/TooN/vaccessor.hh:197:30: error: expected ')' before 'i'
     It& operator-=(ptrdiff_t i) {d -= i*skip;return *this;}
                              ^
/usr/local/include/TooN/vaccessor.hh:202:18: error: 'ptrdiff_t' has not been declared
     It operator+(ptrdiff_t i) {return It(d + i*skip,skip);}
                  ^
/usr/local/include/TooN/vaccessor.hh:203:18: error: 'ptrdiff_t' has not been declared
     It operator-(ptrdiff_t i) {return It(d - i*skip,skip);}
                  ^
/usr/local/include/TooN/vaccessor.hh:204:5: error: 'ptrdiff_t' does not name a type
     ptrdiff_t operator-(const It& i) {return (d - i.d)/skip;};
     ^
In file included from /usr/local/include/TooN/vbase.hh:156:0,
                 from /usr/local/include/TooN/TooN.h:196,
                 from conftest.cpp:1:
/usr/local/include/TooN/vaccessor.hh:417:20: error: declaration of 'operator+=' as non-function
     It& operator+=(ptrdiff_t i) {d += i*Skip;return *this;}
                    ^
/usr/local/include/TooN/vaccessor.hh:417:17: error: expected ';' at end of member declaration
     It& operator+=(ptrdiff_t i) {d += i*Skip;return *this;}
                 ^
/usr/local/include/TooN/vaccessor.hh:417:30: error: expected ')' before 'i'
     It& operator+=(ptrdiff_t i) {d += i*Skip;return *this;}
                              ^
/usr/local/include/TooN/vaccessor.hh:418:20: error: declaration of 'operator-=' as non-function
     It& operator-=(ptrdiff_t i) {d -= i*Skip;return *this;}
                    ^
/usr/local/include/TooN/vaccessor.hh:418:17: error: expected ';' at end of member declaration
     It& operator-=(ptrdiff_t i) {d -= i*Skip;return *this;}
                 ^
/usr/local/include/TooN/vaccessor.hh:418:30: error: expected ')' before 'i'
     It& operator-=(ptrdiff_t i) {d -= i*Skip;return *this;}
                              ^
/usr/local/include/TooN/vaccessor.hh:423:18: error: 'ptrdiff_t' has not been declared
     It operator+(ptrdiff_t i) {return It(d + i*Skip);}
                  ^
/usr/local/include/TooN/vaccessor.hh:424:18: error: 'ptrdiff_t' has not been declared
     It operator-(ptrdiff_t i) {return It(d - i*Skip);}
                  ^
/usr/local/include/TooN/vaccessor.hh:425:5: error: 'ptrdiff_t' does not name a type
     ptrdiff_t operator-(const It& i) {return (d - i.d)/Skip;};
     ^
configure:3486: $? = 1
configure: failed program was:
| #include <TooN/TooN.h>
| int main(){TooN::Vector<2> v;return 0;}
configure:3511: g++ -c -g -O2 -Wall -Wextra  -I/home/sun/usr/include conftest.cpp >&5
conftest.cpp:1:22: fatal error: numerics.h: No such file or directory
compilation terminated.
configure:3517: $? = 1
configure: failed program was:
| #include <numerics.h>
| int main(){Vector<2> v;return 0;}
configure:3480: g++ -c -g -O2 -Wall -Wextra  -I/home/sun/code/TooN conftest.cpp >&5
In file included from /usr/local/include/TooN/vbase.hh:156:0,
                 from /usr/local/include/TooN/TooN.h:196,
                 from conftest.cpp:1:
/usr/local/include/TooN/vaccessor.hh:196:20: error: declaration of 'operator+=' as non-function
     It& operator+=(ptrdiff_t i) {d += i*skip;return *this;}
                    ^
/usr/local/include/TooN/vaccessor.hh:196:17: error: expected ';' at end of member declaration
     It& operator+=(ptrdiff_t i) {d += i*skip;return *this;}
                 ^
/usr/local/include/TooN/vaccessor.hh:196:30: error: expected ')' before 'i'
     It& operator+=(ptrdiff_t i) {d += i*skip;return *this;}
                              ^
/usr/local/include/TooN/vaccessor.hh:197:20: error: declaration of 'operator-=' as non-function
     It& operator-=(ptrdiff_t i) {d -= i*skip;return *this;}
                    ^
/usr/local/include/TooN/vaccessor.hh:197:17: error: expected ';' at end of member declaration
     It& operator-=(ptrdiff_t i) {d -= i*skip;return *this;}
                 ^
/usr/local/include/TooN/vaccessor.hh:197:30: error: expected ')' before 'i'
     It& operator-=(ptrdiff_t i) {d -= i*skip;return *this;}
                              ^
/usr/local/include/TooN/vaccessor.hh:202:18: error: 'ptrdiff_t' has not been declared
     It operator+(ptrdiff_t i) {return It(d + i*skip,skip);}
                  ^
/usr/local/include/TooN/vaccessor.hh:203:18: error: 'ptrdiff_t' has not been declared
     It operator-(ptrdiff_t i) {return It(d - i*skip,skip);}
                  ^
/usr/local/include/TooN/vaccessor.hh:204:5: error: 'ptrdiff_t' does not name a type
     ptrdiff_t operator-(const It& i) {return (d - i.d)/skip;};
     ^
In file included from /usr/local/include/TooN/vbase.hh:156:0,
                 from /usr/local/include/TooN/TooN.h:196,
                 from conftest.cpp:1:
/usr/local/include/TooN/vaccessor.hh:417:20: error: declaration of 'operator+=' as non-function
     It& operator+=(ptrdiff_t i) {d += i*Skip;return *this;}
                    ^
/usr/local/include/TooN/vaccessor.hh:417:17: error: expected ';' at end of member declaration
     It& operator+=(ptrdiff_t i) {d += i*Skip;return *this;}
                 ^
/usr/local/include/TooN/vaccessor.hh:417:30: error: expected ')' before 'i'
     It& operator+=(ptrdiff_t i) {d += i*Skip;return *this;}
                              ^
/usr/local/include/TooN/vaccessor.hh:418:20: error: declaration of 'operator-=' as non-function
     It& operator-=(ptrdiff_t i) {d -= i*Skip;return *this;}
                    ^
/usr/local/include/TooN/vaccessor.hh:418:17: error: expected ';' at end of member declaration
     It& operator-=(ptrdiff_t i) {d -= i*Skip;return *this;}
                 ^
/usr/local/include/TooN/vaccessor.hh:418:30: error: expected ')' before 'i'
     It& operator-=(ptrdiff_t i) {d -= i*Skip;return *this;}
                              ^
/usr/local/include/TooN/vaccessor.hh:423:18: error: 'ptrdiff_t' has not been declared
     It operator+(ptrdiff_t i) {return It(d + i*Skip);}
                  ^
/usr/local/include/TooN/vaccessor.hh:424:18: error: 'ptrdiff_t' has not been declared
     It operator-(ptrdiff_t i) {return It(d - i*Skip);}
                  ^
/usr/local/include/TooN/vaccessor.hh:425:5: error: 'ptrdiff_t' does not name a type
     ptrdiff_t operator-(const It& i) {return (d - i.d)/Skip;};
     ^
configure:3486: $? = 1
configure: failed program was:
| #include <TooN/TooN.h>
| int main(){TooN::Vector<2> v;return 0;}
configure:3511: g++ -c -g -O2 -Wall -Wextra  -I/home/sun/code/TooN conftest.cpp >&5
conftest.cpp:1:22: fatal error: numerics.h: No such file or directory
compilation terminated.
configure:3517: $? = 1
configure: failed program was:
| #include <numerics.h>
| int main(){Vector<2> v;return 0;}
configure:3480: g++ -c -g -O2 -Wall -Wextra  -I/home/sun/Src/TooN conftest.cpp >&5
In file included from /usr/local/include/TooN/vbase.hh:156:0,
                 from /usr/local/include/TooN/TooN.h:196,
                 from conftest.cpp:1:
/usr/local/include/TooN/vaccessor.hh:196:20: error: declaration of 'operator+=' as non-function
     It& operator+=(ptrdiff_t i) {d += i*skip;return *this;}
                    ^
/usr/local/include/TooN/vaccessor.hh:196:17: error: expected ';' at end of member declaration
     It& operator+=(ptrdiff_t i) {d += i*skip;return *this;}
                 ^
/usr/local/include/TooN/vaccessor.hh:196:30: error: expected ')' before 'i'
     It& operator+=(ptrdiff_t i) {d += i*skip;return *this;}
                              ^
/usr/local/include/TooN/vaccessor.hh:197:20: error: declaration of 'operator-=' as non-function
     It& operator-=(ptrdiff_t i) {d -= i*skip;return *this;}
                    ^
/usr/local/include/TooN/vaccessor.hh:197:17: error: expected ';' at end of member declaration
     It& operator-=(ptrdiff_t i) {d -= i*skip;return *this;}
                 ^
/usr/local/include/TooN/vaccessor.hh:197:30: error: expected ')' before 'i'
     It& operator-=(ptrdiff_t i) {d -= i*skip;return *this;}
                              ^
/usr/local/include/TooN/vaccessor.hh:202:18: error: 'ptrdiff_t' has not been declared
     It operator+(ptrdiff_t i) {return It(d + i*skip,skip);}
                  ^
/usr/local/include/TooN/vaccessor.hh:203:18: error: 'ptrdiff_t' has not been declared
     It operator-(ptrdiff_t i) {return It(d - i*skip,skip);}
                  ^
/usr/local/include/TooN/vaccessor.hh:204:5: error: 'ptrdiff_t' does not name a type
     ptrdiff_t operator-(const It& i) {return (d - i.d)/skip;};
     ^
In file included from /usr/local/include/TooN/vbase.hh:156:0,
                 from /usr/local/include/TooN/TooN.h:196,
                 from conftest.cpp:1:
/usr/local/include/TooN/vaccessor.hh:417:20: error: declaration of 'operator+=' as non-function
     It& operator+=(ptrdiff_t i) {d += i*Skip;return *this;}
                    ^
/usr/local/include/TooN/vaccessor.hh:417:17: error: expected ';' at end of member declaration
     It& operator+=(ptrdiff_t i) {d += i*Skip;return *this;}
                 ^
/usr/local/include/TooN/vaccessor.hh:417:30: error: expected ')' before 'i'
     It& operator+=(ptrdiff_t i) {d += i*Skip;return *this;}
                              ^
/usr/local/include/TooN/vaccessor.hh:418:20: error: declaration of 'operator-=' as non-function
     It& operator-=(ptrdiff_t i) {d -= i*Skip;return *this;}
                    ^
/usr/local/include/TooN/vaccessor.hh:418:17: error: expected ';' at end of member declaration
     It& operator-=(ptrdiff_t i) {d -= i*Skip;return *this;}
                 ^
/usr/local/include/TooN/vaccessor.hh:418:30: error: expected ')' before 'i'
     It& operator-=(ptrdiff_t i) {d -= i*Skip;return *this;}
                              ^
/usr/local/include/TooN/vaccessor.hh:423:18: error: 'ptrdiff_t' has not been declared
     It operator+(ptrdiff_t i) {return It(d + i*Skip);}
                  ^
/usr/local/include/TooN/vaccessor.hh:424:18: error: 'ptrdiff_t' has not been declared
     It operator-(ptrdiff_t i) {return It(d - i*Skip);}
                  ^
/usr/local/include/TooN/vaccessor.hh:425:5: error: 'ptrdiff_t' does not name a type
     ptrdiff_t operator-(const It& i) {return (d - i.d)/Skip;};
     ^
configure:3486: $? = 1
configure: failed program was:
| #include <TooN/TooN.h>
| int main(){TooN::Vector<2> v;return 0;}
configure:3511: g++ -c -g -O2 -Wall -Wextra  -I/home/sun/Src/TooN conftest.cpp >&5
conftest.cpp:1:22: fatal error: numerics.h: No such file or directory
compilation terminated.
configure:3517: $? = 1
configure: failed program was:
| #include <numerics.h>
| int main(){Vector<2> v;return 0;}
configure:3480: g++ -c -g -O2 -Wall -Wextra  -I../TooN conftest.cpp >&5
In file included from /usr/local/include/TooN/vbase.hh:156:0,
                 from /usr/local/include/TooN/TooN.h:196,
                 from conftest.cpp:1:
/usr/local/include/TooN/vaccessor.hh:196:20: error: declaration of 'operator+=' as non-function
     It& operator+=(ptrdiff_t i) {d += i*skip;return *this;}
                    ^
/usr/local/include/TooN/vaccessor.hh:196:17: error: expected ';' at end of member declaration
     It& operator+=(ptrdiff_t i) {d += i*skip;return *this;}
                 ^
/usr/local/include/TooN/vaccessor.hh:196:30: error: expected ')' before 'i'
     It& operator+=(ptrdiff_t i) {d += i*skip;return *this;}
                              ^
/usr/local/include/TooN/vaccessor.hh:197:20: error: declaration of 'operator-=' as non-function
     It& operator-=(ptrdiff_t i) {d -= i*skip;return *this;}
                    ^
/usr/local/include/TooN/vaccessor.hh:197:17: error: expected ';' at end of member declaration
     It& operator-=(ptrdiff_t i) {d -= i*skip;return *this;}
                 ^
/usr/local/include/TooN/vaccessor.hh:197:30: error: expected ')' before 'i'
     It& operator-=(ptrdiff_t i) {d -= i*skip;return *this;}
                              ^
/usr/local/include/TooN/vaccessor.hh:202:18: error: 'ptrdiff_t' has not been declared
     It operator+(ptrdiff_t i) {return It(d + i*skip,skip);}
                  ^
/usr/local/include/TooN/vaccessor.hh:203:18: error: 'ptrdiff_t' has not been declared
     It operator-(ptrdiff_t i) {return It(d - i*skip,skip);}
                  ^
/usr/local/include/TooN/vaccessor.hh:204:5: error: 'ptrdiff_t' does not name a type
     ptrdiff_t operator-(const It& i) {return (d - i.d)/skip;};
     ^
In file included from /usr/local/include/TooN/vbase.hh:156:0,
                 from /usr/local/include/TooN/TooN.h:196,
                 from conftest.cpp:1:
/usr/local/include/TooN/vaccessor.hh:417:20: error: declaration of 'operator+=' as non-function
     It& operator+=(ptrdiff_t i) {d += i*Skip;return *this;}
                    ^
/usr/local/include/TooN/vaccessor.hh:417:17: error: expected ';' at end of member declaration
     It& operator+=(ptrdiff_t i) {d += i*Skip;return *this;}
                 ^
/usr/local/include/TooN/vaccessor.hh:417:30: error: expected ')' before 'i'
     It& operator+=(ptrdiff_t i) {d += i*Skip;return *this;}
                              ^
/usr/local/include/TooN/vaccessor.hh:418:20: error: declaration of 'operator-=' as non-function
     It& operator-=(ptrdiff_t i) {d -= i*Skip;return *this;}
                    ^
/usr/local/include/TooN/vaccessor.hh:418:17: error: expected ';' at end of member declaration
     It& operator-=(ptrdiff_t i) {d -= i*Skip;return *this;}
                 ^
/usr/local/include/TooN/vaccessor.hh:418:30: error: expected ')' before 'i'
     It& operator-=(ptrdiff_t i) {d -= i*Skip;return *this;}
                              ^
/usr/local/include/TooN/vaccessor.hh:423:18: error: 'ptrdiff_t' has not been declared
     It operator+(ptrdiff_t i) {return It(d + i*Skip);}
                  ^
/usr/local/include/TooN/vaccessor.hh:424:18: error: 'ptrdiff_t' has not been declared
     It operator-(ptrdiff_t i) {return It(d - i*Skip);}
                  ^
/usr/local/include/TooN/vaccessor.hh:425:5: error: 'ptrdiff_t' does not name a type
     ptrdiff_t operator-(const It& i) {return (d - i.d)/Skip;};
     ^
configure:3486: $? = 1
configure: failed program was:
| #include <TooN/TooN.h>
| int main(){TooN::Vector<2> v;return 0;}
configure:3511: g++ -c -g -O2 -Wall -Wextra  -I../TooN conftest.cpp >&5
In file included from /usr/local/include/TooN/vbase.hh:156:0,
                 from /usr/local/include/TooN/TooN.h:196,
                 from ../TooN/numerics.h:20,
                 from conftest.cpp:1:
/usr/local/include/TooN/vaccessor.hh:196:20: error: declaration of 'operator+=' as non-function
     It& operator+=(ptrdiff_t i) {d += i*skip;return *this;}
                    ^
/usr/local/include/TooN/vaccessor.hh:196:17: error: expected ';' at end of member declaration
     It& operator+=(ptrdiff_t i) {d += i*skip;return *this;}
                 ^
/usr/local/include/TooN/vaccessor.hh:196:30: error: expected ')' before 'i'
     It& operator+=(ptrdiff_t i) {d += i*skip;return *this;}
                              ^
/usr/local/include/TooN/vaccessor.hh:197:20: error: declaration of 'operator-=' as non-function
     It& operator-=(ptrdiff_t i) {d -= i*skip;return *this;}
                    ^
/usr/local/include/TooN/vaccessor.hh:197:17: error: expected ';' at end of member declaration
     It& operator-=(ptrdiff_t i) {d -= i*skip;return *this;}
                 ^
/usr/local/include/TooN/vaccessor.hh:197:30: error: expected ')' before 'i'
     It& operator-=(ptrdiff_t i) {d -= i*skip;return *this;}
                              ^
/usr/local/include/TooN/vaccessor.hh:202:18: error: 'ptrdiff_t' has not been declared
     It operator+(ptrdiff_t i) {return It(d + i*skip,skip);}
                  ^
/usr/local/include/TooN/vaccessor.hh:203:18: error: 'ptrdiff_t' has not been declared
     It operator-(ptrdiff_t i) {return It(d - i*skip,skip);}
                  ^
/usr/local/include/TooN/vaccessor.hh:204:5: error: 'ptrdiff_t' does not name a type
     ptrdiff_t operator-(const It& i) {return (d - i.d)/skip;};
     ^
In file included from /usr/local/include/TooN/vbase.hh:156:0,
                 from /usr/local/include/TooN/TooN.h:196,
                 from ../TooN/numerics.h:20,
                 from conftest.cpp:1:
/usr/local/include/TooN/vaccessor.hh:417:20: error: declaration of 'operator+=' as non-function
     It& operator+=(ptrdiff_t i) {d += i*Skip;return *this;}
                    ^
/usr/local/include/TooN/vaccessor.hh:417:17: error: expected ';' at end of member declaration
     It& operator+=(ptrdiff_t i) {d += i*Skip;return *this;}
                 ^
/usr/local/include/TooN/vaccessor.hh:417:30: error: expected ')' before 'i'
     It& operator+=(ptrdiff_t i) {d += i*Skip;return *this;}
                              ^
/usr/local/include/TooN/vaccessor.hh:418:20: error: declaration of 'operator-=' as non-function
     It& operator-=(ptrdiff_t i) {d -= i*Skip;return *this;}
                    ^
/usr/local/include/TooN/vaccessor.hh:418:17: error: expected ';' at end of member declaration
     It& operator-=(ptrdiff_t i) {d -= i*Skip;return *this;}
                 ^
/usr/local/include/TooN/vaccessor.hh:418:30: error: expected ')' before 'i'
     It& operator-=(ptrdiff_t i) {d -= i*Skip;return *this;}
                              ^
/usr/local/include/TooN/vaccessor.hh:423:18: error: 'ptrdiff_t' has not been declared
     It operator+(ptrdiff_t i) {return It(d + i*Skip);}
                  ^
/usr/local/include/TooN/vaccessor.hh:424:18: error: 'ptrdiff_t' has not been declared
     It operator-(ptrdiff_t i) {return It(d - i*Skip);}
                  ^
/usr/local/include/TooN/vaccessor.hh:425:5: error: 'ptrdiff_t' does not name a type
     ptrdiff_t operator-(const It& i) {return (d - i.d)/Skip;};
     ^
configure:3517: $? = 1
configure: failed program was:
| #include <numerics.h>
| int main(){Vector<2> v;return 0;}
configure:3480: g++ -c -g -O2 -Wall -Wextra  -I.. conftest.cpp >&5
In file included from ../TooN/vbase.hh:156:0,
                 from ../TooN/TooN.h:196,
                 from conftest.cpp:1:
../TooN/vaccessor.hh:196:20: error: declaration of 'operator+=' as non-function
     It& operator+=(ptrdiff_t i) {d += i*skip;return *this;}
                    ^
../TooN/vaccessor.hh:196:17: error: expected ';' at end of member declaration
     It& operator+=(ptrdiff_t i) {d += i*skip;return *this;}
                 ^
../TooN/vaccessor.hh:196:30: error: expected ')' before 'i'
     It& operator+=(ptrdiff_t i) {d += i*skip;return *this;}
                              ^
../TooN/vaccessor.hh:197:20: error: declaration of 'operator-=' as non-function
     It& operator-=(ptrdiff_t i) {d -= i*skip;return *this;}
                    ^
../TooN/vaccessor.hh:197:17: error: expected ';' at end of member declaration
     It& operator-=(ptrdiff_t i) {d -= i*skip;return *this;}
                 ^
../TooN/vaccessor.hh:197:30: error: expected ')' before 'i'
     It& operator-=(ptrdiff_t i) {d -= i*skip;return *this;}
                              ^
../TooN/vaccessor.hh:202:18: error: 'ptrdiff_t' has not been declared
     It operator+(ptrdiff_t i) {return It(d + i*skip,skip);}
                  ^
../TooN/vaccessor.hh:203:18: error: 'ptrdiff_t' has not been declared
     It operator-(ptrdiff_t i) {return It(d - i*skip,skip);}
                  ^
../TooN/vaccessor.hh:204:5: error: 'ptrdiff_t' does not name a type
     ptrdiff_t operator-(const It& i) {return (d - i.d)/skip;};
     ^
In file included from ../TooN/vbase.hh:156:0,
                 from ../TooN/TooN.h:196,
                 from conftest.cpp:1:
../TooN/vaccessor.hh:417:20: error: declaration of 'operator+=' as non-function
     It& operator+=(ptrdiff_t i) {d += i*Skip;return *this;}
                    ^
../TooN/vaccessor.hh:417:17: error: expected ';' at end of member declaration
     It& operator+=(ptrdiff_t i) {d += i*Skip;return *this;}
                 ^
../TooN/vaccessor.hh:417:30: error: expected ')' before 'i'
     It& operator+=(ptrdiff_t i) {d += i*Skip;return *this;}
                              ^
../TooN/vaccessor.hh:418:20: error: declaration of 'operator-=' as non-function
     It& operator-=(ptrdiff_t i) {d -= i*Skip;return *this;}
                    ^
../TooN/vaccessor.hh:418:17: error: expected ';' at end of member declaration
     It& operator-=(ptrdiff_t i) {d -= i*Skip;return *this;}
                 ^
../TooN/vaccessor.hh:418:30: error: expected ')' before 'i'
     It& operator-=(ptrdiff_t i) {d -= i*Skip;return *this;}
                              ^
../TooN/vaccessor.hh:423:18: error: 'ptrdiff_t' has not been declared
     It operator+(ptrdiff_t i) {return It(d + i*Skip);}
                  ^
../TooN/vaccessor.hh:424:18: error: 'ptrdiff_t' has not been declared
     It operator-(ptrdiff_t i) {return It(d - i*Skip);}
                  ^
../TooN/vaccessor.hh:425:5: error: 'ptrdiff_t' does not name a type
     ptrdiff_t operator-(const It& i) {return (d - i.d)/Skip;};
     ^
configure:3486: $? = 1
configure: failed program was:
| #include <TooN/TooN.h>
| int main(){TooN::Vector<2> v;return 0;}
configure:3511: g++ -c -g -O2 -Wall -Wextra  -I.. conftest.cpp >&5
conftest.cpp:1:22: fatal error: numerics.h: No such file or directory
compilation terminated.
configure:3517: $? = 1
configure: failed program was:
| #include <numerics.h>
| int main(){Vector<2> v;return 0;}
configure:3544: result: Missing
configure:3550: WARNING: TooN is missing.
configure:3571: error: TooN is required. Visit savannah.nongnu.org/projects/toon

## ---------------- ##
## Cache variables. ##
## ---------------- ##

ac_cv_build=x86_64-unknown-linux-gnu
ac_cv_cxx_compiler_gnu=yes
ac_cv_env_CCC_set=
ac_cv_env_CCC_value=
ac_cv_env_CPPFLAGS_set=
ac_cv_env_CPPFLAGS_value=
ac_cv_env_CXXCPP_set=
ac_cv_env_CXXCPP_value=
ac_cv_env_CXXFLAGS_set=
ac_cv_env_CXXFLAGS_value=
ac_cv_env_CXX_set=
ac_cv_env_CXX_value=
ac_cv_env_LDFLAGS_set=
ac_cv_env_LDFLAGS_value=
ac_cv_env_LIBS_set=
ac_cv_env_LIBS_value=
ac_cv_env_XMKMF_set=
ac_cv_env_XMKMF_value=
ac_cv_env_build_alias_set=
ac_cv_env_build_alias_value=
ac_cv_env_host_alias_set=
ac_cv_env_host_alias_value=
ac_cv_env_target_alias_set=
ac_cv_env_target_alias_value=
ac_cv_header_inttypes_h=yes
ac_cv_header_iostream=yes
ac_cv_header_memory_h=yes
ac_cv_header_stdc=yes
ac_cv_header_stdint_h=yes
ac_cv_header_stdlib_h=yes
ac_cv_header_string_h=yes
ac_cv_header_strings_h=yes
ac_cv_header_sys_stat_h=yes
ac_cv_header_sys_types_h=yes
ac_cv_header_unistd_h=yes
ac_cv_host=x86_64-unknown-linux-gnu
ac_cv_objext=o
ac_cv_path_EGREP='/bin/grep -E'
ac_cv_path_GREP=/bin/grep
ac_cv_prog_AWK=mawk
ac_cv_prog_CXXCPP='g++ -E'
ac_cv_prog_ac_ct_CXX=g++
ac_cv_prog_cxx_g=yes

## ----------------- ##
## Output variables. ##
## ----------------- ##

AWK='mawk'
CPPFLAGS=' -I..'
CXX='g++'
CXXCPP='g++ -E'
CXXFLAGS='-g -O2 -Wall -Wextra'
DEFS=''
ECHO_C=''
ECHO_N='-n'
ECHO_T=''
EGREP='/bin/grep -E'
EXEEXT=''
GREP='/bin/grep'
HLIBS=''
LDFLAGS=''
LIBOBJS=''
LIBS=''
LTLIBOBJS=''
OBJEXT='o'
PACKAGE_BUGREPORT=''
PACKAGE_NAME='gvars3'
PACKAGE_STRING='gvars3 0.6'
PACKAGE_TARNAME='gvars3'
PACKAGE_VERSION='0.6'
PATH_SEPARATOR=':'
SHELL='/bin/bash'
XMKMF=''
a=''
ac_ct_CXX='g++'
bindir='${exec_prefix}/bin'
build='x86_64-unknown-linux-gnu'
build_alias=''
build_cpu='x86_64'
build_os='linux-gnu'
build_vendor='unknown'
datadir='${datarootdir}'
datarootdir='${prefix}/share'
docdir='${datarootdir}/doc/${PACKAGE_TARNAME}'
dvidir='${docdir}'
exec_prefix='NONE'
guiobj=''
have_readline=''
have_toon=''
host='x86_64-unknown-linux-gnu'
host_alias=''
host_cpu='x86_64'
host_os='linux-gnu'
host_vendor='unknown'
htmldir='${docdir}'
includedir='${prefix}/include'
infodir='${datarootdir}/info'
libdir='${exec_prefix}/lib'
libexecdir='${exec_prefix}/libexec'
localedir='${datarootdir}/locale'
localstatedir='${prefix}/var'
major=''
make_headless=''
mandir='${datarootdir}/man'
minor=''
oldincludedir='/usr/include'
osx_hacks=''
pdfdir='${docdir}'
prefix='NONE'
program_transform_name='s,x,x,'
psdir='${docdir}'
sbindir='${exec_prefix}/sbin'
sharedstatedir='${prefix}/com'
sysconfdir='${prefix}/etc'
target_alias=''

## ----------- ##
## confdefs.h. ##
## ----------- ##

#define PACKAGE_NAME "gvars3"
#define PACKAGE_TARNAME "gvars3"
#define PACKAGE_VERSION "0.6"
#define PACKAGE_STRING "gvars3 0.6"
#define PACKAGE_BUGREPORT ""
#define STDC_HEADERS 1
#define HAVE_SYS_TYPES_H 1
#define HAVE_SYS_STAT_H 1
#define HAVE_STDLIB_H 1
#define HAVE_STRING_H 1
#define HAVE_MEMORY_H 1
#define HAVE_STRINGS_H 1
#define HAVE_INTTYPES_H 1
#define HAVE_STDINT_H 1
#define HAVE_UNISTD_H 1
#define HAVE_IOSTREAM 1

configure: exit 1
