Performing C++ SOURCE FILE Test COMPILER_SUPPORT_Wshorten64to32 failed with the following output:
Change Dir: /home/sun/catkin_ws/src/eigen3.3.2/build/CMakeFiles/CMakeTmp

Run Build Command:"/usr/bin/make" "cmTryCompileExec2110689063/fast"
/usr/bin/make -f CMakeFiles/cmTryCompileExec2110689063.dir/build.make CMakeFiles/cmTryCompileExec2110689063.dir/build
make[1]: Entering directory `/home/sun/catkin_ws/src/eigen3.3.2/build/CMakeFiles/CMakeTmp'
/usr/bin/cmake -E cmake_progress_report /home/sun/catkin_ws/src/eigen3.3.2/build/CMakeFiles/CMakeTmp/CMakeFiles 1
Building CXX object CMakeFiles/cmTryCompileExec2110689063.dir/src.cxx.o
/usr/bin/c++    -pedantic -Wall -Wextra -Wundef -Wcast-align -Wchar-subscripts -Wnon-virtual-dtor -Wunused-local-typedefs -Wpointer-arith -Wwrite-strings -Wformat-security -DCOMPILER_SUPPORT_Wshorten64to32 -Werror   -Wshorten-64-to-32 -o CMakeFiles/cmTryCompileExec2110689063.dir/src.cxx.o -c /home/sun/catkin_ws/src/eigen3.3.2/build/CMakeFiles/CMakeTmp/src.cxx
c++: error: unrecognized command line option '-Wshorten-64-to-32'
make[1]: *** [CMakeFiles/cmTryCompileExec2110689063.dir/src.cxx.o] Error 1
make[1]: Leaving directory `/home/sun/catkin_ws/src/eigen3.3.2/build/CMakeFiles/CMakeTmp'
make: *** [cmTryCompileExec2110689063/fast] Error 2

Source file was:
int main() { return 0; }
Performing C++ SOURCE FILE Test COMPILER_SUPPORT_Wenumconversion failed with the following output:
Change Dir: /home/sun/catkin_ws/src/eigen3.3.2/build/CMakeFiles/CMakeTmp

Run Build Command:"/usr/bin/make" "cmTryCompileExec980674356/fast"
/usr/bin/make -f CMakeFiles/cmTryCompileExec980674356.dir/build.make CMakeFiles/cmTryCompileExec980674356.dir/build
make[1]: Entering directory `/home/sun/catkin_ws/src/eigen3.3.2/build/CMakeFiles/CMakeTmp'
/usr/bin/cmake -E cmake_progress_report /home/sun/catkin_ws/src/eigen3.3.2/build/CMakeFiles/CMakeTmp/CMakeFiles 1
Building CXX object CMakeFiles/cmTryCompileExec980674356.dir/src.cxx.o
/usr/bin/c++    -pedantic -Wall -Wextra -Wundef -Wcast-align -Wchar-subscripts -Wnon-virtual-dtor -Wunused-local-typedefs -Wpointer-arith -Wwrite-strings -Wformat-security -Wlogical-op -DCOMPILER_SUPPORT_Wenumconversion -Werror   -Wenum-conversion -o CMakeFiles/cmTryCompileExec980674356.dir/src.cxx.o -c /home/sun/catkin_ws/src/eigen3.3.2/build/CMakeFiles/CMakeTmp/src.cxx
c++: error: unrecognized command line option '-Wenum-conversion'
make[1]: Leaving directory `/home/sun/catkin_ws/src/eigen3.3.2/build/CMakeFiles/CMakeTmp'
make[1]: *** [CMakeFiles/cmTryCompileExec980674356.dir/src.cxx.o] Error 1
make: *** [cmTryCompileExec980674356/fast] Error 2

Source file was:
int main() { return 0; }
Performing C++ SOURCE FILE Test COMPILER_SUPPORT_Wcpp11extensions failed with the following output:
Change Dir: /home/sun/catkin_ws/src/eigen3.3.2/build/CMakeFiles/CMakeTmp

Run Build Command:"/usr/bin/make" "cmTryCompileExec1889000697/fast"
/usr/bin/make -f CMakeFiles/cmTryCompileExec1889000697.dir/build.make CMakeFiles/cmTryCompileExec1889000697.dir/build
make[1]: Entering directory `/home/sun/catkin_ws/src/eigen3.3.2/build/CMakeFiles/CMakeTmp'
/usr/bin/cmake -E cmake_progress_report /home/sun/catkin_ws/src/eigen3.3.2/build/CMakeFiles/CMakeTmp/CMakeFiles 1
Building CXX object CMakeFiles/cmTryCompileExec1889000697.dir/src.cxx.o
/usr/bin/c++    -pedantic -Wall -Wextra -Wundef -Wcast-align -Wchar-subscripts -Wnon-virtual-dtor -Wunused-local-typedefs -Wpointer-arith -Wwrite-strings -Wformat-security -Wlogical-op -DCOMPILER_SUPPORT_Wcpp11extensions -Werror   -Wc++11-extensions -o CMakeFiles/cmTryCompileExec1889000697.dir/src.cxx.o -c /home/sun/catkin_ws/src/eigen3.3.2/build/CMakeFiles/CMakeTmp/src.cxx
c++: error: unrecognized command line option '-Wc++11-extensions'
make[1]: Leaving directory `/home/sun/catkin_ws/src/eigen3.3.2/build/CMakeFiles/CMakeTmp'
make[1]: *** [CMakeFiles/cmTryCompileExec1889000697.dir/src.cxx.o] Error 1
make: *** [cmTryCompileExec1889000697/fast] Error 2

Source file was:
int main() { return 0; }
Performing C++ SOURCE FILE Test COMPILER_SUPPORT_wd981 failed with the following output:
Change Dir: /home/sun/catkin_ws/src/eigen3.3.2/build/CMakeFiles/CMakeTmp

Run Build Command:"/usr/bin/make" "cmTryCompileExec1857345651/fast"
/usr/bin/make -f CMakeFiles/cmTryCompileExec1857345651.dir/build.make CMakeFiles/cmTryCompileExec1857345651.dir/build
make[1]: Entering directory `/home/sun/catkin_ws/src/eigen3.3.2/build/CMakeFiles/CMakeTmp'
/usr/bin/cmake -E cmake_progress_report /home/sun/catkin_ws/src/eigen3.3.2/build/CMakeFiles/CMakeTmp/CMakeFiles 1
Building CXX object CMakeFiles/cmTryCompileExec1857345651.dir/src.cxx.o
/usr/bin/c++    -pedantic -Wall -Wextra -Wundef -Wcast-align -Wchar-subscripts -Wnon-virtual-dtor -Wunused-local-typedefs -Wpointer-arith -Wwrite-strings -Wformat-security -Wlogical-op -Wdouble-promotion -Wno-psabi -Wno-variadic-macros -Wno-long-long -fno-check-new -fno-common -fstrict-aliasing -DCOMPILER_SUPPORT_wd981 -Werror   -wd981 -o CMakeFiles/cmTryCompileExec1857345651.dir/src.cxx.o -c /home/sun/catkin_ws/src/eigen3.3.2/build/CMakeFiles/CMakeTmp/src.cxx
c++: error: unrecognized command line option '-wd981'
make[1]: Leaving directory `/home/sun/catkin_ws/src/eigen3.3.2/build/CMakeFiles/CMakeTmp'
make[1]: *** [CMakeFiles/cmTryCompileExec1857345651.dir/src.cxx.o] Error 1
make: *** [cmTryCompileExec1857345651/fast] Error 2

Source file was:
int main() { return 0; }
Performing C++ SOURCE FILE Test COMPILER_SUPPORT_wd2304 failed with the following output:
Change Dir: /home/sun/catkin_ws/src/eigen3.3.2/build/CMakeFiles/CMakeTmp

Run Build Command:"/usr/bin/make" "cmTryCompileExec3700491185/fast"
/usr/bin/make -f CMakeFiles/cmTryCompileExec3700491185.dir/build.make CMakeFiles/cmTryCompileExec3700491185.dir/build
make[1]: Entering directory `/home/sun/catkin_ws/src/eigen3.3.2/build/CMakeFiles/CMakeTmp'
/usr/bin/cmake -E cmake_progress_report /home/sun/catkin_ws/src/eigen3.3.2/build/CMakeFiles/CMakeTmp/CMakeFiles 1
Building CXX object CMakeFiles/cmTryCompileExec3700491185.dir/src.cxx.o
/usr/bin/c++    -pedantic -Wall -Wextra -Wundef -Wcast-align -Wchar-subscripts -Wnon-virtual-dtor -Wunused-local-typedefs -Wpointer-arith -Wwrite-strings -Wformat-security -Wlogical-op -Wdouble-promotion -Wno-psabi -Wno-variadic-macros -Wno-long-long -fno-check-new -fno-common -fstrict-aliasing -DCOMPILER_SUPPORT_wd2304 -Werror   -wd2304 -o CMakeFiles/cmTryCompileExec3700491185.dir/src.cxx.o -c /home/sun/catkin_ws/src/eigen3.3.2/build/CMakeFiles/CMakeTmp/src.cxx
c++: error: unrecognized command line option '-wd2304'
make[1]: *** [CMakeFiles/cmTryCompileExec3700491185.dir/src.cxx.o] Error 1
make[1]: Leaving directory `/home/sun/catkin_ws/src/eigen3.3.2/build/CMakeFiles/CMakeTmp'
make: *** [cmTryCompileExec3700491185/fast] Error 2

Source file was:
int main() { return 0; }
Performing C++ SOURCE FILE Test COMPILER_SUPPORT_STRICTANSI failed with the following output:
Change Dir: /home/sun/catkin_ws/src/eigen3.3.2/build/CMakeFiles/CMakeTmp

Run Build Command:"/usr/bin/make" "cmTryCompileExec1347136237/fast"
/usr/bin/make -f CMakeFiles/cmTryCompileExec1347136237.dir/build.make CMakeFiles/cmTryCompileExec1347136237.dir/build
make[1]: Entering directory `/home/sun/catkin_ws/src/eigen3.3.2/build/CMakeFiles/CMakeTmp'
/usr/bin/cmake -E cmake_progress_report /home/sun/catkin_ws/src/eigen3.3.2/build/CMakeFiles/CMakeTmp/CMakeFiles 1
Building CXX object CMakeFiles/cmTryCompileExec1347136237.dir/src.cxx.o
/usr/bin/c++    -pedantic -Wall -Wextra -Wundef -Wcast-align -Wchar-subscripts -Wnon-virtual-dtor -Wunused-local-typedefs -Wpointer-arith -Wwrite-strings -Wformat-security -Wlogical-op -Wdouble-promotion -Wno-psabi -Wno-variadic-macros -Wno-long-long -fno-check-new -fno-common -fstrict-aliasing -DCOMPILER_SUPPORT_STRICTANSI -Werror   -strict-ansi -o CMakeFiles/cmTryCompileExec1347136237.dir/src.cxx.o -c /home/sun/catkin_ws/src/eigen3.3.2/build/CMakeFiles/CMakeTmp/src.cxx
c++: error: unrecognized command line option '-strict-ansi'
make[1]: *** [CMakeFiles/cmTryCompileExec1347136237.dir/src.cxx.o] Error 1
make[1]: Leaving directory `/home/sun/catkin_ws/src/eigen3.3.2/build/CMakeFiles/CMakeTmp'
make: *** [cmTryCompileExec1347136237/fast] Error 2

Source file was:
int main() { return 0; }
Performing C++ SOURCE FILE Test COMPILER_SUPPORT_Qunusedarguments failed with the following output:
Change Dir: /home/sun/catkin_ws/src/eigen3.3.2/build/CMakeFiles/CMakeTmp

Run Build Command:"/usr/bin/make" "cmTryCompileExec710354603/fast"
/usr/bin/make -f CMakeFiles/cmTryCompileExec710354603.dir/build.make CMakeFiles/cmTryCompileExec710354603.dir/build
make[1]: Entering directory `/home/sun/catkin_ws/src/eigen3.3.2/build/CMakeFiles/CMakeTmp'
/usr/bin/cmake -E cmake_progress_report /home/sun/catkin_ws/src/eigen3.3.2/build/CMakeFiles/CMakeTmp/CMakeFiles 1
Building CXX object CMakeFiles/cmTryCompileExec710354603.dir/src.cxx.o
/usr/bin/c++    -pedantic -Wall -Wextra -Wundef -Wcast-align -Wchar-subscripts -Wnon-virtual-dtor -Wunused-local-typedefs -Wpointer-arith -Wwrite-strings -Wformat-security -Wlogical-op -Wdouble-promotion -Wno-psabi -Wno-variadic-macros -Wno-long-long -fno-check-new -fno-common -fstrict-aliasing -DCOMPILER_SUPPORT_Qunusedarguments -Werror   -Qunused-arguments -o CMakeFiles/cmTryCompileExec710354603.dir/src.cxx.o -c /home/sun/catkin_ws/src/eigen3.3.2/build/CMakeFiles/CMakeTmp/src.cxx
c++: error: unrecognized command line option '-Qunused-arguments'
make[1]: Leaving directory `/home/sun/catkin_ws/src/eigen3.3.2/build/CMakeFiles/CMakeTmp'
make[1]: *** [CMakeFiles/cmTryCompileExec710354603.dir/src.cxx.o] Error 1
make: *** [cmTryCompileExec710354603/fast] Error 2

Source file was:
int main() { return 0; }
Determining if the Q_WS_WIN exist failed with the following output:
Change Dir: /home/sun/catkin_ws/src/eigen3.3.2/build/CMakeFiles/CMakeTmp

Run Build Command:"/usr/bin/make" "cmTryCompileExec1579511024/fast"
/usr/bin/make -f CMakeFiles/cmTryCompileExec1579511024.dir/build.make CMakeFiles/cmTryCompileExec1579511024.dir/build
make[1]: Entering directory `/home/sun/catkin_ws/src/eigen3.3.2/build/CMakeFiles/CMakeTmp'
/usr/bin/cmake -E cmake_progress_report /home/sun/catkin_ws/src/eigen3.3.2/build/CMakeFiles/CMakeTmp/CMakeFiles 1
Building CXX object CMakeFiles/cmTryCompileExec1579511024.dir/CheckSymbolExists.cxx.o
/usr/bin/c++    -pedantic -Wall -Wextra -Wundef -Wcast-align -Wchar-subscripts -Wnon-virtual-dtor -Wunused-local-typedefs -Wpointer-arith -Wwrite-strings -Wformat-security -Wlogical-op -Wdouble-promotion -Wno-psabi -Wno-variadic-macros -Wno-long-long -fno-check-new -fno-common -fstrict-aliasing -ansi -O1 -g1  -I/usr/include/qt4    -o CMakeFiles/cmTryCompileExec1579511024.dir/CheckSymbolExists.cxx.o -c /home/sun/catkin_ws/src/eigen3.3.2/build/CMakeFiles/CMakeTmp/CheckSymbolExists.cxx
/home/sun/catkin_ws/src/eigen3.3.2/build/CMakeFiles/CMakeTmp/CheckSymbolExists.cxx: In function ‘int main(int, char**)’:
/home/sun/catkin_ws/src/eigen3.3.2/build/CMakeFiles/CMakeTmp/CheckSymbolExists.cxx:8:19: error: ‘Q_WS_WIN’ was not declared in this scope
   return ((int*)(&Q_WS_WIN))[argc];
                   ^
make[1]: *** [CMakeFiles/cmTryCompileExec1579511024.dir/CheckSymbolExists.cxx.o] Error 1
make[1]: Leaving directory `/home/sun/catkin_ws/src/eigen3.3.2/build/CMakeFiles/CMakeTmp'
make: *** [cmTryCompileExec1579511024/fast] Error 2

File /home/sun/catkin_ws/src/eigen3.3.2/build/CMakeFiles/CMakeTmp/CheckSymbolExists.cxx:
/* */
#include <QtCore/qglobal.h>

int main(int argc, char** argv)
{
  (void)argv;
#ifndef Q_WS_WIN
  return ((int*)(&Q_WS_WIN))[argc];
#else
  (void)argc;
  return 0;
#endif
}

Determining if the Q_WS_QWS exist failed with the following output:
Change Dir: /home/sun/catkin_ws/src/eigen3.3.2/build/CMakeFiles/CMakeTmp

Run Build Command:"/usr/bin/make" "cmTryCompileExec2125960682/fast"
/usr/bin/make -f CMakeFiles/cmTryCompileExec2125960682.dir/build.make CMakeFiles/cmTryCompileExec2125960682.dir/build
make[1]: Entering directory `/home/sun/catkin_ws/src/eigen3.3.2/build/CMakeFiles/CMakeTmp'
/usr/bin/cmake -E cmake_progress_report /home/sun/catkin_ws/src/eigen3.3.2/build/CMakeFiles/CMakeTmp/CMakeFiles 1
Building CXX object CMakeFiles/cmTryCompileExec2125960682.dir/CheckSymbolExists.cxx.o
/usr/bin/c++    -pedantic -Wall -Wextra -Wundef -Wcast-align -Wchar-subscripts -Wnon-virtual-dtor -Wunused-local-typedefs -Wpointer-arith -Wwrite-strings -Wformat-security -Wlogical-op -Wdouble-promotion -Wno-psabi -Wno-variadic-macros -Wno-long-long -fno-check-new -fno-common -fstrict-aliasing -ansi -O1 -g1  -I/usr/include/qt4    -o CMakeFiles/cmTryCompileExec2125960682.dir/CheckSymbolExists.cxx.o -c /home/sun/catkin_ws/src/eigen3.3.2/build/CMakeFiles/CMakeTmp/CheckSymbolExists.cxx
/home/sun/catkin_ws/src/eigen3.3.2/build/CMakeFiles/CMakeTmp/CheckSymbolExists.cxx: In function ‘int main(int, char**)’:
/home/sun/catkin_ws/src/eigen3.3.2/build/CMakeFiles/CMakeTmp/CheckSymbolExists.cxx:8:19: error: ‘Q_WS_QWS’ was not declared in this scope
   return ((int*)(&Q_WS_QWS))[argc];
                   ^
make[1]: *** [CMakeFiles/cmTryCompileExec2125960682.dir/CheckSymbolExists.cxx.o] Error 1
make[1]: Leaving directory `/home/sun/catkin_ws/src/eigen3.3.2/build/CMakeFiles/CMakeTmp'
make: *** [cmTryCompileExec2125960682/fast] Error 2

File /home/sun/catkin_ws/src/eigen3.3.2/build/CMakeFiles/CMakeTmp/CheckSymbolExists.cxx:
/* */
#include <QtCore/qglobal.h>

int main(int argc, char** argv)
{
  (void)argv;
#ifndef Q_WS_QWS
  return ((int*)(&Q_WS_QWS))[argc];
#else
  (void)argc;
  return 0;
#endif
}

Determining if the Q_WS_MAC exist failed with the following output:
Change Dir: /home/sun/catkin_ws/src/eigen3.3.2/build/CMakeFiles/CMakeTmp

Run Build Command:"/usr/bin/make" "cmTryCompileExec430722580/fast"
/usr/bin/make -f CMakeFiles/cmTryCompileExec430722580.dir/build.make CMakeFiles/cmTryCompileExec430722580.dir/build
make[1]: Entering directory `/home/sun/catkin_ws/src/eigen3.3.2/build/CMakeFiles/CMakeTmp'
/usr/bin/cmake -E cmake_progress_report /home/sun/catkin_ws/src/eigen3.3.2/build/CMakeFiles/CMakeTmp/CMakeFiles 1
Building CXX object CMakeFiles/cmTryCompileExec430722580.dir/CheckSymbolExists.cxx.o
/usr/bin/c++    -pedantic -Wall -Wextra -Wundef -Wcast-align -Wchar-subscripts -Wnon-virtual-dtor -Wunused-local-typedefs -Wpointer-arith -Wwrite-strings -Wformat-security -Wlogical-op -Wdouble-promotion -Wno-psabi -Wno-variadic-macros -Wno-long-long -fno-check-new -fno-common -fstrict-aliasing -ansi -O1 -g1  -I/usr/include/qt4    -o CMakeFiles/cmTryCompileExec430722580.dir/CheckSymbolExists.cxx.o -c /home/sun/catkin_ws/src/eigen3.3.2/build/CMakeFiles/CMakeTmp/CheckSymbolExists.cxx
/home/sun/catkin_ws/src/eigen3.3.2/build/CMakeFiles/CMakeTmp/CheckSymbolExists.cxx: In function ‘int main(int, char**)’:
/home/sun/catkin_ws/src/eigen3.3.2/build/CMakeFiles/CMakeTmp/CheckSymbolExists.cxx:8:19: error: ‘Q_WS_MAC’ was not declared in this scope
   return ((int*)(&Q_WS_MAC))[argc];
                   ^
make[1]: *** [CMakeFiles/cmTryCompileExec430722580.dir/CheckSymbolExists.cxx.o] Error 1
make[1]: Leaving directory `/home/sun/catkin_ws/src/eigen3.3.2/build/CMakeFiles/CMakeTmp'
make: *** [cmTryCompileExec430722580/fast] Error 2

File /home/sun/catkin_ws/src/eigen3.3.2/build/CMakeFiles/CMakeTmp/CheckSymbolExists.cxx:
/* */
#include <QtCore/qglobal.h>

int main(int argc, char** argv)
{
  (void)argv;
#ifndef Q_WS_MAC
  return ((int*)(&Q_WS_MAC))[argc];
#else
  (void)argc;
  return 0;
#endif
}

Compiling the Fortran compiler identification source file "CMakeFortranCompilerId.F" failed.
Compiler: CMAKE_Fortran_COMPILER-NOTFOUND 
Build flags: 
Id flags: 

The output was:
No such file or directory


Compiling the Fortran compiler identification source file "CMakeFortranCompilerId.F" failed.
Compiler: CMAKE_Fortran_COMPILER-NOTFOUND 
Build flags: 
Id flags: -c

The output was:
No such file or directory


Compiling the Fortran compiler identification source file "CMakeFortranCompilerId.F" failed.
Compiler: CMAKE_Fortran_COMPILER-NOTFOUND 
Build flags: 
Id flags: -fpp

The output was:
No such file or directory


Determining if the pthread_create exist failed with the following output:
Change Dir: /home/sun/catkin_ws/src/eigen3.3.2/build/CMakeFiles/CMakeTmp

Run Build Command:"/usr/bin/make" "cmTryCompileExec30007699/fast"
/usr/bin/make -f CMakeFiles/cmTryCompileExec30007699.dir/build.make CMakeFiles/cmTryCompileExec30007699.dir/build
make[1]: Entering directory `/home/sun/catkin_ws/src/eigen3.3.2/build/CMakeFiles/CMakeTmp'
/usr/bin/cmake -E cmake_progress_report /home/sun/catkin_ws/src/eigen3.3.2/build/CMakeFiles/CMakeTmp/CMakeFiles 1
Building C object CMakeFiles/cmTryCompileExec30007699.dir/CheckSymbolExists.c.o
/usr/bin/cc    -o CMakeFiles/cmTryCompileExec30007699.dir/CheckSymbolExists.c.o   -c /home/sun/catkin_ws/src/eigen3.3.2/build/CMakeFiles/CMakeTmp/CheckSymbolExists.c
Linking C executable cmTryCompileExec30007699
/usr/bin/cmake -E cmake_link_script CMakeFiles/cmTryCompileExec30007699.dir/link.txt --verbose=1
/usr/bin/cc       CMakeFiles/cmTryCompileExec30007699.dir/CheckSymbolExists.c.o  -o cmTryCompileExec30007699 -rdynamic 
CMakeFiles/cmTryCompileExec30007699.dir/CheckSymbolExists.c.o: In function `main':
CheckSymbolExists.c:(.text+0x16): undefined reference to `pthread_create'
collect2: error: ld returned 1 exit status
make[1]: *** [cmTryCompileExec30007699] Error 1
make[1]: Leaving directory `/home/sun/catkin_ws/src/eigen3.3.2/build/CMakeFiles/CMakeTmp'
make: *** [cmTryCompileExec30007699/fast] Error 2

File /home/sun/catkin_ws/src/eigen3.3.2/build/CMakeFiles/CMakeTmp/CheckSymbolExists.c:
/* */
#include <pthread.h>

int main(int argc, char** argv)
{
  (void)argv;
#ifndef pthread_create
  return ((int*)(&pthread_create))[argc];
#else
  (void)argc;
  return 0;
#endif
}

Determining if the function pthread_create exists in the pthreads failed with the following output:
Change Dir: /home/sun/catkin_ws/src/eigen3.3.2/build/CMakeFiles/CMakeTmp

Run Build Command:"/usr/bin/make" "cmTryCompileExec534099223/fast"
/usr/bin/make -f CMakeFiles/cmTryCompileExec534099223.dir/build.make CMakeFiles/cmTryCompileExec534099223.dir/build
make[1]: Entering directory `/home/sun/catkin_ws/src/eigen3.3.2/build/CMakeFiles/CMakeTmp'
/usr/bin/cmake -E cmake_progress_report /home/sun/catkin_ws/src/eigen3.3.2/build/CMakeFiles/CMakeTmp/CMakeFiles 1
Building C object CMakeFiles/cmTryCompileExec534099223.dir/CheckFunctionExists.c.o
/usr/bin/cc   -DCHECK_FUNCTION_EXISTS=pthread_create   -o CMakeFiles/cmTryCompileExec534099223.dir/CheckFunctionExists.c.o   -c /usr/share/cmake-3.2/Modules/CheckFunctionExists.c
Linking C executable cmTryCompileExec534099223
/usr/bin/cmake -E cmake_link_script CMakeFiles/cmTryCompileExec534099223.dir/link.txt --verbose=1
/usr/bin/cc   -DCHECK_FUNCTION_EXISTS=pthread_create    CMakeFiles/cmTryCompileExec534099223.dir/CheckFunctionExists.c.o  -o cmTryCompileExec534099223 -rdynamic -lpthreads 
/usr/bin/ld: cannot find -lpthreads
collect2: error: ld returned 1 exit status
make[1]: *** [cmTryCompileExec534099223] Error 1
make[1]: Leaving directory `/home/sun/catkin_ws/src/eigen3.3.2/build/CMakeFiles/CMakeTmp'
make: *** [cmTryCompileExec534099223/fast] Error 2


