Determining if the pthread_create exist failed with the following output:
Change Dir: /home/sun/catkin_ws/src/nodes/build-capture-Desktop-Default/CMakeFiles/CMakeTmp

Run Build Command:"/usr/bin/make" "cmTryCompileExec778263517/fast"
/usr/bin/make -f CMakeFiles/cmTryCompileExec778263517.dir/build.make CMakeFiles/cmTryCompileExec778263517.dir/build
make[1]: Entering directory `/home/sun/catkin_ws/src/nodes/build-capture-Desktop-Default/CMakeFiles/CMakeTmp'
/usr/bin/cmake -E cmake_progress_report /home/sun/catkin_ws/src/nodes/build-capture-Desktop-Default/CMakeFiles/CMakeTmp/CMakeFiles 1
Building C object CMakeFiles/cmTryCompileExec778263517.dir/CheckSymbolExists.c.o
/usr/bin/cc    -o CMakeFiles/cmTryCompileExec778263517.dir/CheckSymbolExists.c.o   -c /home/sun/catkin_ws/src/nodes/build-capture-Desktop-Default/CMakeFiles/CMakeTmp/CheckSymbolExists.c
Linking C executable cmTryCompileExec778263517
/usr/bin/cmake -E cmake_link_script CMakeFiles/cmTryCompileExec778263517.dir/link.txt --verbose=1
/usr/bin/cc       CMakeFiles/cmTryCompileExec778263517.dir/CheckSymbolExists.c.o  -o cmTryCompileExec778263517 -rdynamic 
CMakeFiles/cmTryCompileExec778263517.dir/CheckSymbolExists.c.o: In function `main':
CheckSymbolExists.c:(.text+0x16): undefined reference to `pthread_create'
collect2: error: ld returned 1 exit status
make[1]: Leaving directory `/home/sun/catkin_ws/src/nodes/build-capture-Desktop-Default/CMakeFiles/CMakeTmp'
make[1]: *** [cmTryCompileExec778263517] Error 1
make: *** [cmTryCompileExec778263517/fast] Error 2

File /home/sun/catkin_ws/src/nodes/build-capture-Desktop-Default/CMakeFiles/CMakeTmp/CheckSymbolExists.c:
/* */
#include <pthread.h>

int main(int argc, char** argv)
{
  (void)argv;
#ifndef pthread_create
  return ((int*)(&pthread_create))[argc];
#else
  (void)argc;
  return 0;
#endif
}

Determining if the function pthread_create exists in the pthreads failed with the following output:
Change Dir: /home/sun/catkin_ws/src/nodes/build-capture-Desktop-Default/CMakeFiles/CMakeTmp

Run Build Command:"/usr/bin/make" "cmTryCompileExec2557397140/fast"
/usr/bin/make -f CMakeFiles/cmTryCompileExec2557397140.dir/build.make CMakeFiles/cmTryCompileExec2557397140.dir/build
make[1]: Entering directory `/home/sun/catkin_ws/src/nodes/build-capture-Desktop-Default/CMakeFiles/CMakeTmp'
/usr/bin/cmake -E cmake_progress_report /home/sun/catkin_ws/src/nodes/build-capture-Desktop-Default/CMakeFiles/CMakeTmp/CMakeFiles 1
Building C object CMakeFiles/cmTryCompileExec2557397140.dir/CheckFunctionExists.c.o
/usr/bin/cc   -DCHECK_FUNCTION_EXISTS=pthread_create   -o CMakeFiles/cmTryCompileExec2557397140.dir/CheckFunctionExists.c.o   -c /usr/share/cmake-3.2/Modules/CheckFunctionExists.c
Linking C executable cmTryCompileExec2557397140
/usr/bin/cmake -E cmake_link_script CMakeFiles/cmTryCompileExec2557397140.dir/link.txt --verbose=1
/usr/bin/cc   -DCHECK_FUNCTION_EXISTS=pthread_create    CMakeFiles/cmTryCompileExec2557397140.dir/CheckFunctionExists.c.o  -o cmTryCompileExec2557397140 -rdynamic -lpthreads 
/usr/bin/ld: cannot find -lpthreads
collect2: error: ld returned 1 exit status
make[1]: *** [cmTryCompileExec2557397140] Error 1
make[1]: Leaving directory `/home/sun/catkin_ws/src/nodes/build-capture-Desktop-Default/CMakeFiles/CMakeTmp'
make: *** [cmTryCompileExec2557397140/fast] Error 2


