Determining if the pthread_create exist failed with the following output:
Change Dir: /home/sun/catkin_ws/src/build-libks-Desktop-Default/CMakeFiles/CMakeTmp

Run Build Command:"/usr/bin/make" "cmTryCompileExec990558117/fast"
/usr/bin/make -f CMakeFiles/cmTryCompileExec990558117.dir/build.make CMakeFiles/cmTryCompileExec990558117.dir/build
make[1]: Entering directory `/home/sun/catkin_ws/src/build-libks-Desktop-Default/CMakeFiles/CMakeTmp'
/usr/bin/cmake -E cmake_progress_report /home/sun/catkin_ws/src/build-libks-Desktop-Default/CMakeFiles/CMakeTmp/CMakeFiles 1
Building C object CMakeFiles/cmTryCompileExec990558117.dir/CheckSymbolExists.c.o
/usr/bin/cc    -o CMakeFiles/cmTryCompileExec990558117.dir/CheckSymbolExists.c.o   -c /home/sun/catkin_ws/src/build-libks-Desktop-Default/CMakeFiles/CMakeTmp/CheckSymbolExists.c
Linking C executable cmTryCompileExec990558117
/usr/bin/cmake -E cmake_link_script CMakeFiles/cmTryCompileExec990558117.dir/link.txt --verbose=1
/usr/bin/cc       CMakeFiles/cmTryCompileExec990558117.dir/CheckSymbolExists.c.o  -o cmTryCompileExec990558117 -rdynamic 
CMakeFiles/cmTryCompileExec990558117.dir/CheckSymbolExists.c.o: In function `main':
CheckSymbolExists.c:(.text+0x16): undefined reference to `pthread_create'
collect2: error: ld returned 1 exit status
make[1]: *** [cmTryCompileExec990558117] Error 1
make[1]: Leaving directory `/home/sun/catkin_ws/src/build-libks-Desktop-Default/CMakeFiles/CMakeTmp'
make: *** [cmTryCompileExec990558117/fast] Error 2

File /home/sun/catkin_ws/src/build-libks-Desktop-Default/CMakeFiles/CMakeTmp/CheckSymbolExists.c:
/* */
#include <pthread.h>

int main(int argc, char** argv)
{
  (void)argv;
#ifndef pthread_create
  return ((int*)(&pthread_create))[argc];
#else
  (void)argc;
  return 0;
#endif
}

Determining if the function pthread_create exists in the pthreads failed with the following output:
Change Dir: /home/sun/catkin_ws/src/build-libks-Desktop-Default/CMakeFiles/CMakeTmp

Run Build Command:"/usr/bin/make" "cmTryCompileExec953535597/fast"
/usr/bin/make -f CMakeFiles/cmTryCompileExec953535597.dir/build.make CMakeFiles/cmTryCompileExec953535597.dir/build
make[1]: Entering directory `/home/sun/catkin_ws/src/build-libks-Desktop-Default/CMakeFiles/CMakeTmp'
/usr/bin/cmake -E cmake_progress_report /home/sun/catkin_ws/src/build-libks-Desktop-Default/CMakeFiles/CMakeTmp/CMakeFiles 1
Building C object CMakeFiles/cmTryCompileExec953535597.dir/CheckFunctionExists.c.o
/usr/bin/cc   -DCHECK_FUNCTION_EXISTS=pthread_create   -o CMakeFiles/cmTryCompileExec953535597.dir/CheckFunctionExists.c.o   -c /usr/share/cmake-3.2/Modules/CheckFunctionExists.c
Linking C executable cmTryCompileExec953535597
/usr/bin/cmake -E cmake_link_script CMakeFiles/cmTryCompileExec953535597.dir/link.txt --verbose=1
/usr/bin/cc   -DCHECK_FUNCTION_EXISTS=pthread_create    CMakeFiles/cmTryCompileExec953535597.dir/CheckFunctionExists.c.o  -o cmTryCompileExec953535597 -rdynamic -lpthreads 
/usr/bin/ld: cannot find -lpthreads
collect2: error: ld returned 1 exit status
make[1]: *** [cmTryCompileExec953535597] Error 1
make[1]: Leaving directory `/home/sun/catkin_ws/src/build-libks-Desktop-Default/CMakeFiles/CMakeTmp'
make: *** [cmTryCompileExec953535597/fast] Error 2


